[2020-08-16 14:34:44.651] [exthost] [info] extension host started
[2020-08-16 14:34:45.326] [exthost] [info] ExtensionService#_doActivateExtension amazonwebservices.aws-toolkit-vscode {"startup":false,"extensionId":{"value":"amazonwebservices.aws-toolkit-vscode","_lower":"amazonwebservices.aws-toolkit-vscode"},"activationEvent":"onLanguage:yaml"}
[2020-08-16 14:34:45.326] [exthost] [info] ExtensionService#loadCommonJSModule file:///root/.vscode-server/extensions/amazonwebservices.aws-toolkit-vscode-1.12.0/extensionMain
[2020-08-16 14:34:45.934] [exthost] [info] ExtensionService#_doActivateExtension vscode.debug-auto-launch {"startup":true,"extensionId":{"value":"vscode.debug-auto-launch","_lower":"vscode.debug-auto-launch"},"activationEvent":"*"}
[2020-08-16 14:34:45.935] [exthost] [info] ExtensionService#loadCommonJSModule file:///root/.vscode-server/bin/cd9ea6488829f560dc949a8b2fb789f3cdc05f5d/extensions/debug-auto-launch/dist/extension
[2020-08-16 14:34:45.940] [exthost] [info] ExtensionService#_doActivateExtension vscode.emmet {"startup":true,"extensionId":{"value":"vscode.emmet","_lower":"vscode.emmet"},"activationEvent":"*"}
[2020-08-16 14:34:45.940] [exthost] [info] ExtensionService#loadCommonJSModule file:///root/.vscode-server/bin/cd9ea6488829f560dc949a8b2fb789f3cdc05f5d/extensions/emmet/dist/extension
[2020-08-16 14:34:45.973] [exthost] [info] ExtensionService#_doActivateExtension vscode.git {"startup":true,"extensionId":{"value":"vscode.github","_lower":"vscode.github"},"activationEvent":"*"}
[2020-08-16 14:34:45.973] [exthost] [info] ExtensionService#loadCommonJSModule file:///root/.vscode-server/bin/cd9ea6488829f560dc949a8b2fb789f3cdc05f5d/extensions/git/dist/main
[2020-08-16 14:34:46.031] [exthost] [info] ExtensionService#_doActivateExtension vscode.github-authentication {"startup":true,"extensionId":{"value":"vscode.github-authentication","_lower":"vscode.github-authentication"},"activationEvent":"*"}
[2020-08-16 14:34:46.031] [exthost] [info] ExtensionService#loadCommonJSModule file:///root/.vscode-server/bin/cd9ea6488829f560dc949a8b2fb789f3cdc05f5d/extensions/github-authentication/dist/extension.js
[2020-08-16 14:34:46.047] [exthost] [info] ExtensionService#_doActivateExtension vscode.merge-conflict {"startup":true,"extensionId":{"value":"vscode.merge-conflict","_lower":"vscode.merge-conflict"},"activationEvent":"*"}
[2020-08-16 14:34:46.047] [exthost] [info] ExtensionService#loadCommonJSModule file:///root/.vscode-server/bin/cd9ea6488829f560dc949a8b2fb789f3cdc05f5d/extensions/merge-conflict/dist/extension
[2020-08-16 14:34:46.055] [exthost] [info] ExtensionService#_doActivateExtension vscode.microsoft-authentication {"startup":true,"extensionId":{"value":"vscode.microsoft-authentication","_lower":"vscode.microsoft-authentication"},"activationEvent":"*"}
[2020-08-16 14:34:46.055] [exthost] [info] ExtensionService#loadCommonJSModule file:///root/.vscode-server/bin/cd9ea6488829f560dc949a8b2fb789f3cdc05f5d/extensions/microsoft-authentication/dist/extension.js
[2020-08-16 14:34:46.077] [exthost] [info] ExtensionService#_doActivateExtension vscode.search-result {"startup":true,"extensionId":{"value":"vscode.search-result","_lower":"vscode.search-result"},"activationEvent":"*"}
[2020-08-16 14:34:46.085] [exthost] [info] ExtensionService#loadCommonJSModule file:///root/.vscode-server/bin/cd9ea6488829f560dc949a8b2fb789f3cdc05f5d/extensions/search-result/dist/extension.js
[2020-08-16 14:34:46.140] [exthost] [info] ExtensionService#_doActivateExtension vscode.npm {"startup":true,"extensionId":{"value":"vscode.npm","_lower":"vscode.npm"},"activationEvent":"workspaceContains:package.json"}
[2020-08-16 14:34:46.140] [exthost] [info] ExtensionService#loadCommonJSModule file:///root/.vscode-server/bin/cd9ea6488829f560dc949a8b2fb789f3cdc05f5d/extensions/npm/dist/main
[2020-08-16 14:34:46.472] [exthost] [info] ExtensionService#_doActivateExtension vscode.github {"startup":true,"extensionId":{"value":"vscode.github","_lower":"vscode.github"},"activationEvent":"*"}
[2020-08-16 14:34:46.472] [exthost] [info] ExtensionService#loadCommonJSModule file:///root/.vscode-server/bin/cd9ea6488829f560dc949a8b2fb789f3cdc05f5d/extensions/github/dist/extension.js
[2020-08-16 14:34:46.645] [exthost] [info] eager extensions activated
[2020-08-16 14:34:47.397] [exthost] [info] ExtensionService#_doActivateExtension vscode.configuration-editing {"startup":false,"extensionId":{"value":"vscode.configuration-editing","_lower":"vscode.configuration-editing"},"activationEvent":"onLanguage:jsonc"}
[2020-08-16 14:34:47.397] [exthost] [info] ExtensionService#loadCommonJSModule file:///root/.vscode-server/bin/cd9ea6488829f560dc949a8b2fb789f3cdc05f5d/extensions/configuration-editing/dist/extension
[2020-08-16 14:34:47.404] [exthost] [info] ExtensionService#_doActivateExtension vscode.json-language-features {"startup":false,"extensionId":{"value":"vscode.json-language-features","_lower":"vscode.json-language-features"},"activationEvent":"onLanguage:jsonc"}
[2020-08-16 14:34:47.404] [exthost] [info] ExtensionService#loadCommonJSModule file:///root/.vscode-server/bin/cd9ea6488829f560dc949a8b2fb789f3cdc05f5d/extensions/json-language-features/client/dist/jsonMain
[2020-08-16 14:34:47.443] [exthost] [info] ExtensionService#_doActivateExtension vscode.typescript-language-features {"startup":false,"extensionId":{"value":"vscode.typescript-language-features","_lower":"vscode.typescript-language-features"},"activationEvent":"onLanguage:jsonc"}
[2020-08-16 14:34:47.443] [exthost] [info] ExtensionService#loadCommonJSModule file:///root/.vscode-server/bin/cd9ea6488829f560dc949a8b2fb789f3cdc05f5d/extensions/typescript-language-features/dist/extension
[2020-08-16 14:34:47.631] [exthost] [info] Extension 'amazonwebservices.aws-toolkit-vscode' uses a document selector without scheme. Learn more about this: https://go.microsoft.com/fwlink/?linkid=872305
